<?xml version="1.0" encoding="UTF-8"?>
<testng-results ignored="0" total="1" passed="1" failed="0" skipped="0">
  <reporter-output>
  </reporter-output>
  <suite started-at="2024-04-01T12:22:56 IST" name="Practice Suite" finished-at="2024-04-01T12:23:00 IST" duration-ms="3840">
    <groups>
    </groups>
    <test started-at="2024-04-01T12:22:56 IST" name="Test Basics 1" finished-at="2024-04-01T12:23:00 IST" duration-ms="3840">
      <class name="task_6_maven_CICD.task_6_maven_CICD.AppTest">
        <test-method signature="openBrowser()[pri:0, instance:task_6_maven_CICD.task_6_maven_CICD.AppTest@3700ec9c]" started-at="2024-04-01T12:22:56 IST" name="openBrowser" finished-at="2024-04-01T12:22:59 IST" duration-ms="3793" status="PASS">
          <reporter-output>
          </reporter-output>
        </test-method> <!-- openBrowser -->
      </class> <!-- task_6_maven_CICD.task_6_maven_CICD.AppTest -->
    </test> <!-- Test Basics 1 -->
  </suite> <!-- Practice Suite -->
</testng-results>
